<?xml version="1.0" encoding="UTF-8"?>
<!-- Generated by org.testng.reporters.JUnitReportReporter -->
<testsuite skipped="0" hostname="AJITH" name="org.Test.mainClass" tests="1" failures="0" timestamp="21 Apr 2022 02:47:00 GMT" time="54.288" errors="0">
  <testcase name="t2" time="54.288" classname="org.Test.mainClass"/>
</testsuite> <!-- org.Test.mainClass -->
