<?xml version="1.0" encoding="UTF-8"?>
<!-- Generated by org.testng.reporters.JUnitReportReporter -->
<testsuite skipped="0" hostname="AJITH" name="org.Test.mainClass" tests="1" failures="0" timestamp="20 Apr 2022 18:49:26 GMT" time="49.403" errors="0">
  <testcase name="t2" time="49.403" classname="org.Test.mainClass"/>
</testsuite> <!-- org.Test.mainClass -->
